2020-07-30 10:38:46.945 - Start application Horus 0.2rc1
2020-07-30 10:38:53.744 - Connecting camera 0
2020-07-30 10:38:59.404 - Finish application Horus 0.2rc1
2020-07-30 11:14:19.579 - Start application Horus 0.2rc1
2020-07-30 11:16:14.660 - Start application Horus 0.2rc1
2020-07-30 11:16:25.200 - Start application Horus 0.2rc1
2020-07-30 11:16:44.769 - Start application Horus 0.2rc1
2020-07-30 11:17:21.961 - Start application Horus 0.2rc1
2020-07-30 11:19:11.424 - Start application Horus 0.2rc1
2020-07-30 11:19:35.547 - Start application Horus 0.2rc1
2020-07-30 11:19:47.353 - Start application Horus 0.2rc1
2020-07-30 11:20:14.396 - Start application Horus 0.2rc1
2020-07-30 11:20:32.763 - Start application Horus 0.2rc1
2020-07-30 11:21:36.062 - Start application Horus 0.2rc1
2020-07-30 11:21:58.172 - Start application Horus 0.2rc1
2020-07-30 11:22:15.705 - Start application Horus 0.2rc1
2020-07-30 11:23:00.730 - Start application Horus 0.2rc1
2020-07-30 11:23:41.163 - Start application Horus 0.2rc1
2020-07-30 11:24:19.020 - Start application Horus 0.2rc1
2020-07-30 11:24:35.882 - Start application Horus 0.2rc1
2020-07-30 11:24:51.609 - Start application Horus 0.2rc1
2020-07-30 11:25:06.638 - Start application Horus 0.2rc1
2020-07-30 11:25:35.668 - Start application Horus 0.2rc1
2020-07-30 11:26:00.582 - Start application Horus 0.2rc1
2020-07-30 11:28:25.171 - Start application Horus 0.2rc1
2020-07-30 11:28:57.841 - Start application Horus 0.2rc1
2020-07-30 11:29:24.140 - Start application Horus 0.2rc1
2020-07-30 11:34:03.363 - Start application Horus 0.2rc1
2020-07-30 11:35:49.149 - Start application Horus 0.2rc1
2020-07-30 11:39:03.247 - Start application Horus 0.2rc1
2020-07-30 11:39:13.818 - Start application Horus 0.2rc1
2020-07-30 11:39:27.139 - Start application Horus 0.2rc1
2020-07-30 11:41:34.143 - Start application Horus 0.2rc1
2020-07-30 11:42:09.263 - Start application Horus 0.2rc1
2020-07-30 11:43:46.754 - Start application Horus 0.2rc1
2020-07-30 11:44:41.744 - Start application Horus 0.2rc1
2020-07-30 11:46:12.925 - Start application Horus 0.2rc1
2020-07-30 11:46:36.543 - Connecting camera 0
2020-07-30 11:46:58.478 - Start application Horus 0.2rc1
2020-07-30 11:47:52.728 - Start application Horus 0.2rc1
2020-07-30 11:49:13.912 - Start application Horus 0.2rc1
2020-07-30 11:49:46.999 - Start application Horus 0.2rc1
2020-07-30 11:50:24.895 - Start application Horus 0.2rc1
2020-07-30 11:51:19.113 - Start application Horus 0.2rc1
2020-07-30 11:51:47.397 - Start application Horus 0.2rc1
2020-07-30 11:52:43.471 - Start application Horus 0.2rc1
2020-07-30 11:55:22.173 - Start application Horus 0.2rc1
2020-07-30 12:02:45.152 - Start application Horus 0.2rc1
2020-07-30 12:03:06.472 - Start application Horus 0.2rc1
2020-07-30 12:03:47.114 - Start application Horus 0.2rc1
2020-07-30 12:09:27.370 - Start application Horus 0.2rc1
2020-07-30 12:13:58.949 - Start application Horus 0.2rc1
2020-07-30 12:31:14.362 - Start application Horus 0.2rc1
2020-07-30 12:32:11.462 - Start application Horus 0.2rc1
2020-07-30 12:35:13.695 - Connecting camera 0
2020-07-30 12:41:10.625 - Start application Horus 0.2rc1
2020-07-30 12:41:19.203 - Connecting camera 0
2020-07-30 12:42:24.006 - Start application Horus 0.2rc1
2020-07-30 12:42:28.671 - Connecting camera 0
2020-07-30 12:42:59.238 - Start application Horus 0.2rc1
2020-07-30 12:43:02.702 - Connecting camera 0
2020-07-30 12:44:42.299 - Start application Horus 0.2rc1
2020-07-30 12:44:45.716 - Connecting camera 0
2020-07-30 12:45:03.922 - Start application Horus 0.2rc1
2020-07-30 12:45:07.733 - Connecting camera 0
2020-07-30 12:45:51.732 - Start application Horus 0.2rc1
2020-07-30 12:45:54.648 - Connecting camera 0
2020-07-30 12:46:24.532 - Start application Horus 0.2rc1
2020-07-30 12:46:27.797 - Connecting camera 0
2020-07-30 12:47:20.122 - Start application Horus 0.2rc1
2020-07-30 12:47:25.846 - Connecting camera 0
2020-07-30 12:53:03.958 - Start application Horus 0.2rc1
2020-07-30 12:53:06.889 - Connecting camera 0
2020-07-30 12:54:57.876 - Start application Horus 0.2rc1
2020-07-30 12:55:00.970 - Connecting camera 0
2020-07-30 12:55:14.020 - Connecting camera 0
2020-07-30 12:55:56.807 - Start application Horus 0.2rc1
2020-07-30 12:55:59.819 - Connecting camera 0
2020-07-30 12:58:19.818 - Start application Horus 0.2rc1
2020-07-30 12:58:22.883 - Connecting camera 0
2020-07-30 13:12:14.381 - Start application Horus 0.2rc1
2020-07-30 13:12:17.748 - Connecting camera 0
2020-07-30 13:12:18.097 - Connecting camera 0
2020-07-30 13:12:32.882 - Connecting camera 0
2020-07-30 13:13:21.263 - Start application Horus 0.2rc1
2020-07-30 13:13:24.530 - Connecting camera 0
2020-07-30 13:13:30.541 - Connecting board /dev/ttyUSB0 115200
2020-07-30 13:13:30.542 - Error opening the port /dev/ttyUSB0

2020-07-30 13:13:30.542 - Disconnecting camera 0
2020-07-30 13:17:22.797 - Start application Horus 0.2rc1
2020-07-30 13:17:25.975 - Connecting camera 0
2020-07-30 13:17:49.931 - Start application Horus 0.2rc1
2020-07-30 13:17:54.808 - Connecting camera 0
2020-07-30 13:19:10.726 - Start application Horus 0.2rc1
2020-07-30 13:19:16.506 - Connecting camera 0
2020-07-30 13:23:54.195 - Disconnecting camera 0
2020-07-30 13:24:22.262 - Start application Horus 0.2rc1
2020-07-30 13:24:26.966 - Connecting camera 0
2020-07-30 13:24:32.899 - Connecting board /dev/ttyUSB0 115200
2020-07-30 13:24:32.899 - Error opening the port /dev/ttyUSB0

2020-07-30 13:24:32.900 - Disconnecting camera 0
